[debug] ----------------------------------------------------------------------
[debug] Command:      /usr/bin/nodejs /usr/bin/firebase deploy
[debug] CLI Version:  3.0.8
[debug] Platform:     linux
[debug] Node Version: v4.5.0
[debug] Time:         Wed Oct 12 2016 17:27:45 GMT-0400 (AMT)
[debug] ----------------------------------------------------------------------
[debug] 
[debug] > command requires scopes: ["email","openid","https://www.googleapis.com/auth/cloudplatformprojects.readonly","https://www.googleapis.com/auth/firebase"]
[debug] > refreshing access token with scopes: ["email","https://www.googleapis.com/auth/cloudplatformprojects.readonly","https://www.googleapis.com/auth/firebase","openid"]
[debug] >>> HTTP REQUEST POST https://www.googleapis.com/oauth2/v3/token
[debug] <<< HTTP RESPONSE 200
[debug] >>> HTTP REQUEST GET https://admin.firebase.com/v1/projects/javaneiros-d26af 
[debug] <<< HTTP RESPONSE 200
[debug] >>> HTTP REQUEST GET https://admin.firebase.com/v1/database/javaneiros-d26af/tokens 
[debug] <<< HTTP RESPONSE 200
[info] 
[info] === Deploying to 'javaneiros-d26af'...
[info] 
[info] i  deploying database, hosting
[info] ✔  database: rules ready to deploy.
[info] i  hosting: preparing build/bundled directory for upload...
[debug] >>> HTTP REQUEST PUT https://deploy.firebase.com/v1/hosting/javaneiros-d26af/uploads/-KTumpuh9pCxtQRuRVoa?fileCount=1659&message= 
[info] ✔  hosting: 1659 files uploaded successfully
[info] i  starting release process (may take several minutes)...
[debug] >>> HTTP REQUEST POST https://deploy.firebase.com/v1/projects/javaneiros-d26af/releases
[debug] Error: getaddrinfo EAI_AGAIN deploy.firebase.com:443
    at Object.exports._errnoException (util.js:907:11)
    at errnoException (dns.js:32:15)
    at GetAddrInfoReqWrap.onlookup [as oncomplete] (dns.js:78:26)
[error] 
[error] Error: Server Error. getaddrinfo EAI_AGAIN deploy.firebase.com:443
